
1
done health checks
what
what2
script is already running
script is already running
/etc/passwd ATTRIB 
/etc/shadow ATTRIB 
Setting up watches.
Watches established.
Setting up watches.
Watches established.
/etc/passwd ATTRIB 
/etc/shadow ATTRIB 
Setting up watches.
Watches established.
Setting up watches.
Watches established.
/etc/shadow ATTRIB 
Setting up watches.
Watches established.
/etc/passwd ATTRIB 
Setting up watches.
Watches established.
/etc/passwd ATTRIB 
/etc/shadow ATTRIB 
Setting up watches.
Watches established.
Setting up watches.
Watches established.
1
done health checks
what
what2
script is already running
script is already running
/etc/passwd ATTRIB 
/etc/shadow ATTRIB 
Setting up watches.
Watches established.
Setting up watches.
Watches established.
/etc/shadow ATTRIB 
/etc/passwd ATTRIB 
Setting up watches.
Watches established.
Setting up watches.
Watches established.
1
done health checks
what
what2
script is already running
script is already running
1
done health checks
what
what2
script is already running
script is already running
1
done health checks
what
what2
script is already running
script is already running
